<?xml version="1.0" encoding="UTF-8"?>
<testsuite xmlns:xsi="http://www.w3.org/2001/XMLSchema-instance" xsi:noNamespaceSchemaLocation="https://maven.apache.org/surefire/maven-surefire-plugin/xsd/surefire-test-report-3.0.xsd" version="3.0" name="com.example.pet_project.PetProjectApplicationTests" time="1.92" tests="1" errors="0" skipped="0" failures="0">
  <properties>
[...]
</properties>
  <testcase name="contextLoads" classname="com.example.pet_project.PetProjectApplicationTests" time="0.42">
    <system-out><![CDATA[00:44:54.231 [main] INFO org.springframework.test.context.support.AnnotationConfigContextLoaderUtils -- Could not detect default configuration classes for test class [com.example.pet_project.PetProjectApplicationTests]: PetProjectApplicationTests does not declare any static, non-private, non-final, nested classes annotated with @Configuration.
00:44:54.272 [main] INFO org.springframework.boot.test.context.SpringBootTestContextBootstrapper -- Found @SpringBootConfiguration com.example.pet_project.PetProjectApplication for test class com.example.pet_project.PetProjectApplicationTests

  .   ____          _            __ _ _
 /\\ / ___'_ __ _ _(_)_ __  __ _ \ \ \ \
( ( )\___ | '_ | '_| | '_ \/ _` | \ \ \ \
 \\/  ___)| |_)| | | | | || (_| |  ) ) ) )
  '  |____| .__|_| |_|_| |_\__, | / / / /
 =========|_|==============|___/=/_/_/_/

 :: Spring Boot ::                (v3.3.3)

2024-09-16T00:44:54.423+03:00  INFO 3702 --- [pet project] [           main] c.e.p.PetProjectApplicationTests         : Starting PetProjectApplicationTests using Java 17.0.12 with PID 3702 (started by aaa in /Users/aaa/IdeaProjects/pet project)
2024-09-16T00:44:54.423+03:00  INFO 3702 --- [pet project] [           main] c.e.p.PetProjectApplicationTests         : No active profile set, falling back to 1 default profile: "default"
2024-09-16T00:44:54.723+03:00  INFO 3702 --- [pet project] [           main] .s.d.r.c.RepositoryConfigurationDelegate : Multiple Spring Data modules found, entering strict repository configuration mode
2024-09-16T00:44:54.725+03:00  INFO 3702 --- [pet project] [           main] .s.d.r.c.RepositoryConfigurationDelegate : Bootstrapping Spring Data Redis repositories in DEFAULT mode.
2024-09-16T00:44:54.738+03:00  INFO 3702 --- [pet project] [           main] .s.d.r.c.RepositoryConfigurationDelegate : Finished Spring Data repository scanning in 6 ms. Found 0 Redis repository interfaces.
2024-09-16T00:44:54.908+03:00  WARN 3702 --- [pet project] [           main] trationDelegate$BeanPostProcessorChecker : Bean 'org.springframework.ws.config.annotation.DelegatingWsConfiguration' of type [org.springframework.ws.config.annotation.DelegatingWsConfiguration$$SpringCGLIB$$0] is not eligible for getting processed by all BeanPostProcessors (for example: not eligible for auto-proxying). The currently created BeanPostProcessor [annotationActionEndpointMapping] is declared through a non-static factory method on that class; consider declaring it as static instead.
2024-09-16T00:44:54.924+03:00  INFO 3702 --- [pet project] [           main] .w.s.a.s.AnnotationActionEndpointMapping : Supporting [WS-Addressing August 2004, WS-Addressing 1.0]
2024-09-16T00:44:55.260+03:00  WARN 3702 --- [pet project] [           main] ion$DefaultTemplateResolverConfiguration : Cannot find template location: classpath:/templates/ (please add some templates, check your Thymeleaf configuration, or set spring.thymeleaf.check-template-location=false)
2024-09-16T00:44:55.557+03:00  WARN 3702 --- [pet project] [           main] .s.s.UserDetailsServiceAutoConfiguration : 

Using generated security password: 0966c677-8604-46b2-a941-7f33e88fbaf6

This generated password is for development use only. Your security configuration must be updated before running your application in production.

2024-09-16T00:44:55.563+03:00  INFO 3702 --- [pet project] [           main] r$InitializeUserDetailsManagerConfigurer : Global AuthenticationManager configured with UserDetailsService bean with name inMemoryUserDetailsManager
2024-09-16T00:44:55.655+03:00  INFO 3702 --- [pet project] [           main] c.e.p.PetProjectApplicationTests         : Started PetProjectApplicationTests in 1.332 seconds (process running for 1.718)
]]></system-out>
  </testcase>
</testsuite>